\BOOKMARK [1][-]{section.1}{Introduction}{}% 1
\BOOKMARK [2][-]{subsection.1.1}{Previous Work}{section.1}% 2
\BOOKMARK [2][-]{subsection.1.2}{Rationale for proposed work}{section.1}% 3
\BOOKMARK [1][-]{section.2}{The Target Contrast Model}{}% 4
\BOOKMARK [2][-]{subsection.2.1}{TCS modelling overview}{section.2}% 5
\BOOKMARK [3][-]{subsubsection.2.1.1}{Calculating the intercept, a, and the logarithmic slope parameter, Di}{subsection.2.1}% 6
\BOOKMARK [3][-]{subsubsection.2.1.2}{Estimating Dc,s, the logarithmic slope parameter for compound features}{subsection.2.1}% 7
\BOOKMARK [3][-]{subsubsection.2.1.3}{Estimating a, the intercept parameter for compound features}{subsection.2.1}% 8
\BOOKMARK [3][-]{subsubsection.2.1.4}{Estimating mean reaction times}{subsection.2.1}% 9
\BOOKMARK [3][-]{subsubsection.2.1.5}{Discussion}{subsection.2.1}% 10
\BOOKMARK [2][-]{subsection.2.2}{A multi-level TCS}{section.2}% 11
\BOOKMARK [3][-]{subsubsection.2.2.1}{Calculating the logarithmic slope parameter, Di}{subsection.2.2}% 12
\BOOKMARK [3][-]{subsubsection.2.2.2}{Estimating Dc,s, the logarithmic slope parameter for compound features}{subsection.2.2}% 13
\BOOKMARK [3][-]{subsubsection.2.2.3}{Estimating other parameters and predicting reaction times}{subsection.2.2}% 14
\BOOKMARK [2][-]{subsection.2.3}{Discussion}{section.2}% 15
\BOOKMARK [1][-]{section.3}{Hypotheses}{}% 16
\BOOKMARK [2][-]{subsection.3.1}{Proposed Modifications to Experimental Design}{section.3}% 17
\BOOKMARK [2][-]{subsection.3.2}{Registered Hypothesis}{section.3}% 18
\BOOKMARK [2][-]{subsection.3.3}{Planned Explorations}{section.3}% 19
\BOOKMARK [1][-]{section.4}{General Methods}{}% 20
\BOOKMARK [2][-]{subsection.4.1}{Sample Size: Participants and Trials}{section.4}% 21
\BOOKMARK [2][-]{subsection.4.2}{Stimuli}{section.4}% 22
\BOOKMARK [2][-]{subsection.4.3}{Procedure}{section.4}% 23
\BOOKMARK [2][-]{subsection.4.4}{Data Pre-processing}{section.4}% 24
\BOOKMARK [2][-]{subsection.4.5}{Analysis Plan}{section.4}% 25
\BOOKMARK [1][-]{section.5}{Results}{}% 26
\BOOKMARK [1][-]{section.6}{General Discussion}{}% 27
